This is pdfTeX, Version 3.141592653-2.6-1.40.27 (MiKTeX 25.3) (preloaded format=pdflatex 2025.3.26)  27 JUN 2026 00:04
entering extended mode
 restricted \write18 enabled.
 file:line:error style messages enabled.
 %&-line parsing enabled.
**"c:/Users/Suyane Melissa/Downloads/Article_aeropendulum/sn-article.tex"
(c:/Users/Suyane Melissa/Downloads/Article_aeropendulum/sn-article.tex
LaTeX2e <2024-11-01> patch level 2
L3 programming layer <2025-01-18>
(sn-jnl.cls
Document Class: sn-jnl 2019/11/18 v0.1: An authoring template for Springer Journal articles
(C:\Users\Suyane Melissa\AppData\Local\Programs\MiKTeX\tex/latex/base\article.cls
Document Class: article 2024/06/29 v1.4n Standard LaTeX document class
(C:\Users\Suyane Melissa\AppData\Local\Programs\MiKTeX\tex/latex/base\fleqn.clo
File: fleqn.clo 2016/12/29 v1.2b Standard LaTeX option (flush left equations)
\mathindent=\skip49
Applying: [2015/01/01] Make \[ robust on input line 50.
LaTeX Info: Redefining \[ on input line 51.
Already applied: [0000/00/00] Make \[ robust on input line 62.
Applying: [2015/01/01] Make \] robust on input line 74.
LaTeX Info: Redefining \] on input line 75.
Already applied: [0000/00/00] Make \] robust on input line 83.
) (C:\Users\Suyane Melissa\AppData\Local\Programs\MiKTeX\tex/latex/base\size10.clo
File: size10.clo 2024/06/29 v1.4n Standard LaTeX file (size option)
)
\c@part=\count196
\c@section=\count197
\c@subsection=\count198
\c@subsubsection=\count199
\c@paragraph=\count266
\c@subparagraph=\count267
\c@figure=\count268
\c@table=\count269
\abovecaptionskip=\skip50
\belowcaptionskip=\skip51
\bibindent=\dimen141
)
LaTeX Info: Redefining \rm on input line 146.
LaTeX Info: Redefining \sf on input line 147.
LaTeX Info: Redefining \tt on input line 148.
LaTeX Info: Redefining \bf on input line 149.
LaTeX Info: Redefining \it on input line 150.
LaTeX Info: Redefining \sl on input line 151.
LaTeX Info: Redefining \sc on input line 152.
LaTeX Info: Redefining \cal on input line 153.
LaTeX Info: Redefining \mit on input line 154.
LaTeX Info: Redefining \textsubscript on input line 212.
\columnhsize=\skip52
 (C:\Users\Suyane Melissa\AppData\Local\Programs\MiKTeX\tex/latex/geometry\geometry.sty
Package: geometry 2020/01/02 v5.9 Page Geometry
 (C:\Users\Suyane Melissa\AppData\Local\Programs\MiKTeX\tex/latex/graphics\keyval.sty
Package: keyval 2022/05/29 v1.15 key=value parser (DPC)
\KV@toks@=\toks17
) (C:\Users\Suyane Melissa\AppData\Local\Programs\MiKTeX\tex/generic/iftex\ifvtex.sty
Package: ifvtex 2019/10/25 v1.7 ifvtex legacy package. Use iftex instead.
 (C:\Users\Suyane Melissa\AppData\Local\Programs\MiKTeX\tex/generic/iftex\iftex.sty
Package: iftex 2024/12/12 v1.0g TeX engine tests
))
\Gm@cnth=\count270
\Gm@cntv=\count271
\c@Gm@tempcnt=\count272
\Gm@bindingoffset=\dimen142
\Gm@wd@mp=\dimen143
\Gm@odd@mp=\dimen144
\Gm@even@mp=\dimen145
\Gm@layoutwidth=\dimen146
\Gm@layoutheight=\dimen147
\Gm@layouthoffset=\dimen148
\Gm@layoutvoffset=\dimen149
\Gm@dimlist=\toks18
 (C:\Users\Suyane Melissa\AppData\Local\Programs\MiKTeX\tex/latex/geometry\geometry.cfg))
\artcatbox=\box52
\aucount=\count273
\corraucount=\count274
\punctcount=\count275
\emailcnt=\count276
\c@affn=\count277
\addcount=\count278
\PacsCount=\count279
\PacsTmpCnt=\count280
\FMremarkdim=\dimen150
\fmremarkbox=\box53
 (C:\Users\Suyane Melissa\AppData\Local\Programs\MiKTeX\tex/latex/sttools\cuted.sty
Package: cuted 2025/12/15 v2.10 Mixing onecolumn and twocolumn modes (ST)
\At@ViperColsBreak=\toks19
\preCutedStrip=\toks20
\postCutedStrip=\toks21
\cuted@@tempbox@a=\box54
\cuted@@tempbox@c=\box55
\cuted@@tempbox@var=\box56
\hold@viper=\box57
\@viper=\box58
\cuted@@varbox@a=\box59
\cuted@@varbox@c=\box60
\cuted@@tempdim@spread=\dimen151
\cuted@@tempdim@a=\dimen152
\cuted@@tempdim@b=\dimen153
\ht@hold@viper=\dimen154
\ht@viper=\dimen155
\var@@pagediscards@ht=\dimen156
\stripsep=\skip53
\viper@penalty=\count281
\strip@page@discards=\dimen157
)
\firstpagehtcheck=\dimen158
\labelwidthi=\dimen159
\labelwidthii=\dimen160
\labelwidthiii=\dimen161
\labelwidthiv=\dimen162
\figwidth=\dimen163
\figheight=\dimen164
\sidecapwidth=\dimen165
\wrapcapline=\dimen166
\totalwrapline=\dimen167
\wraptotline=\dimen168
\figurebox=\box61
\wrapfigcapbox=\box62
\figcapbox=\box63
\capbox=\box64
\headwidthskip=\skip54
\tabcapbox=\box65
\temptbox=\box66
\tempdime=\dimen169
\tabhtdime=\dimen170
 (C:\Users\Suyane Melissa\AppData\Local\Programs\MiKTeX\tex/latex/graphics\rotating.sty
Package: rotating 2016/08/11 v2.16d rotated objects in LaTeX
 (C:\Users\Suyane Melissa\AppData\Local\Programs\MiKTeX\tex/latex/graphics\graphicx.sty
Package: graphicx 2021/09/16 v1.2d Enhanced LaTeX Graphics (DPC,SPQR)
 (C:\Users\Suyane Melissa\AppData\Local\Programs\MiKTeX\tex/latex/graphics\graphics.sty
Package: graphics 2024/08/06 v1.4g Standard LaTeX Graphics (DPC,SPQR)
 (C:\Users\Suyane Melissa\AppData\Local\Programs\MiKTeX\tex/latex/graphics\trig.sty
Package: trig 2023/12/02 v1.11 sin cos tan (DPC)
) (C:\Users\Suyane Melissa\AppData\Local\Programs\MiKTeX\tex/latex/graphics-cfg\graphics.cfg
File: graphics.cfg 2016/06/04 v1.11 sample graphics configuration
)
Package graphics Info: Driver file: pdftex.def on input line 106.
 (C:\Users\Suyane Melissa\AppData\Local\Programs\MiKTeX\tex/latex/graphics-def\pdftex.def
File: pdftex.def 2024/04/13 v1.2c Graphics/color driver for pdftex
))
\Gin@req@height=\dimen171
\Gin@req@width=\dimen172
) (C:\Users\Suyane Melissa\AppData\Local\Programs\MiKTeX\tex/latex/base\ifthen.sty
Package: ifthen 2024/03/16 v1.1e Standard LaTeX ifthen package (DPC)
)
\c@r@tfl@t=\count282
\rotFPtop=\skip55
\rotFPbot=\skip56
\rot@float@box=\box67
\rot@mess@toks=\toks22
) (C:\Users\Suyane Melissa\AppData\Local\Programs\MiKTeX\tex/latex/threeparttable\threeparttable.sty
Package: threeparttable 2003/06/13  v 3.0
\@tempboxb=\box68
) (C:\Users\Suyane Melissa\AppData\Local\Programs\MiKTeX\tex/latex/appendix\appendix.sty
Package: appendix 2020/02/08 v1.2c extra appendix facilities
\c@@pps=\count283
\c@@ppsavesec=\count284
\c@@ppsaveapp=\count285
) (C:\Users\Suyane Melissa\AppData\Local\Programs\MiKTeX\tex/latex/hyperref\hyperref.sty
Package: hyperref 2024-11-05 v7.01l Hypertext links for LaTeX
 (C:\Users\Suyane Melissa\AppData\Local\Programs\MiKTeX\tex/latex/kvsetkeys\kvsetkeys.sty
Package: kvsetkeys 2022-10-05 v1.19 Key value parser (HO)
) (C:\Users\Suyane Melissa\AppData\Local\Programs\MiKTeX\tex/generic/kvdefinekeys\kvdefinekeys.sty
Package: kvdefinekeys 2019-12-19 v1.6 Define keys (HO)
) (C:\Users\Suyane Melissa\AppData\Local\Programs\MiKTeX\tex/generic/pdfescape\pdfescape.sty
Package: pdfescape 2019/12/09 v1.15 Implements pdfTeX's escape features (HO)
 (C:\Users\Suyane Melissa\AppData\Local\Programs\MiKTeX\tex/generic/ltxcmds\ltxcmds.sty
Package: ltxcmds 2023-12-04 v1.26 LaTeX kernel commands for general use (HO)
) (C:\Users\Suyane Melissa\AppData\Local\Programs\MiKTeX\tex/generic/pdftexcmds\pdftexcmds.sty
Package: pdftexcmds 2020-06-27 v0.33 Utility functions of pdfTeX for LuaTeX (HO)
 (C:\Users\Suyane Melissa\AppData\Local\Programs\MiKTeX\tex/generic/infwarerr\infwarerr.sty
Package: infwarerr 2019/12/03 v1.5 Providing info/warning/error messages (HO)
)
Package pdftexcmds Info: \pdf@primitive is available.
Package pdftexcmds Info: \pdf@ifprimitive is available.
Package pdftexcmds Info: \pdfdraftmode found.
)) (C:\Users\Suyane Melissa\AppData\Local\Programs\MiKTeX\tex/latex/hycolor\hycolor.sty
Package: hycolor 2020-01-27 v1.10 Color options for hyperref/bookmark (HO)
) (C:\Users\Suyane Melissa\AppData\Local\Programs\MiKTeX\tex/latex/hyperref\nameref.sty
Package: nameref 2023-11-26 v2.56 Cross-referencing by name of section
 (C:\Users\Suyane Melissa\AppData\Local\Programs\MiKTeX\tex/latex/refcount\refcount.sty
Package: refcount 2019/12/15 v3.6 Data extraction from label references (HO)
) (C:\Users\Suyane Melissa\AppData\Local\Programs\MiKTeX\tex/generic/gettitlestring\gettitlestring.sty
Package: gettitlestring 2019/12/15 v1.6 Cleanup title references (HO)
 (C:\Users\Suyane Melissa\AppData\Local\Programs\MiKTeX\tex/latex/kvoptions\kvoptions.sty
Package: kvoptions 2022-06-15 v3.15 Key value format for package options (HO)
))
\c@section@level=\count286
) (C:\Users\Suyane Melissa\AppData\Local\Programs\MiKTeX\tex/latex/etoolbox\etoolbox.sty
Package: etoolbox 2025/02/11 v2.5l e-TeX tools for LaTeX (JAW)
\etb@tempcnta=\count287
) (C:\Users\Suyane Melissa\AppData\Local\Programs\MiKTeX\tex/generic/stringenc\stringenc.sty
Package: stringenc 2019/11/29 v1.12 Convert strings between diff. encodings (HO)
)
\@linkdim=\dimen173
\Hy@linkcounter=\count288
\Hy@pagecounter=\count289
 (C:\Users\Suyane Melissa\AppData\Local\Programs\MiKTeX\tex/latex/hyperref\pd1enc.def
File: pd1enc.def 2024-11-05 v7.01l Hyperref: PDFDocEncoding definition (HO)
Now handling font encoding PD1 ...
... no UTF-8 mapping file for font encoding PD1
) (C:\Users\Suyane Melissa\AppData\Local\Programs\MiKTeX\tex/generic/intcalc\intcalc.sty
Package: intcalc 2019/12/15 v1.3 Expandable calculations with integers (HO)
)
\Hy@SavedSpaceFactor=\count290
 (C:\Users\Suyane Melissa\AppData\Local\Programs\MiKTeX\tex/latex/hyperref\puenc.def
File: puenc.def 2024-11-05 v7.01l Hyperref: PDF Unicode definition (HO)
Now handling font encoding PU ...
... no UTF-8 mapping file for font encoding PU
)
Package hyperref Info: Hyper figures OFF on input line 4157.
Package hyperref Info: Link nesting OFF on input line 4162.
Package hyperref Info: Hyper index ON on input line 4165.
Package hyperref Info: Plain pages OFF on input line 4172.
Package hyperref Info: Backreferencing OFF on input line 4177.
Package hyperref Info: Implicit mode ON; LaTeX internals redefined.
Package hyperref Info: Bookmarks ON on input line 4424.
\c@Hy@tempcnt=\count291
 (C:\Users\Suyane Melissa\AppData\Local\Programs\MiKTeX\tex/latex/url\url.sty
\Urlmuskip=\muskip17
Package: url 2013/09/16  ver 3.4  Verb mode for urls, etc.
)
LaTeX Info: Redefining \url on input line 4763.
\XeTeXLinkMargin=\dimen174
 (C:\Users\Suyane Melissa\AppData\Local\Programs\MiKTeX\tex/generic/bitset\bitset.sty
Package: bitset 2019/12/09 v1.3 Handle bit-vector datatype (HO)
 (C:\Users\Suyane Melissa\AppData\Local\Programs\MiKTeX\tex/generic/bigintcalc\bigintcalc.sty
Package: bigintcalc 2019/12/15 v1.5 Expandable calculations on big integers (HO)
))
\Fld@menulength=\count292
\Field@Width=\dimen175
\Fld@charsize=\dimen176
Package hyperref Info: Hyper figures OFF on input line 6042.
Package hyperref Info: Link nesting OFF on input line 6047.
Package hyperref Info: Hyper index ON on input line 6050.
Package hyperref Info: backreferencing OFF on input line 6057.
Package hyperref Info: Link coloring OFF on input line 6062.
Package hyperref Info: Link coloring with OCG OFF on input line 6067.
Package hyperref Info: PDF/A mode OFF on input line 6072.
 (C:\Users\Suyane Melissa\AppData\Local\Programs\MiKTeX\tex/latex/base\atbegshi-ltx.sty
Package: atbegshi-ltx 2021/01/10 v1.0c Emulation of the original atbegshi
package with kernel methods
)
\Hy@abspage=\count293
\c@Item=\count294
\c@Hfootnote=\count295
)
Package hyperref Info: Driver (autodetected): hpdftex.
 (C:\Users\Suyane Melissa\AppData\Local\Programs\MiKTeX\tex/latex/hyperref\hpdftex.def
File: hpdftex.def 2024-11-05 v7.01l Hyperref driver for pdfTeX
 (C:\Users\Suyane Melissa\AppData\Local\Programs\MiKTeX\tex/latex/base\atveryend-ltx.sty
Package: atveryend-ltx 2020/08/19 v1.0a Emulation of the original atveryend package
with kernel methods
)
\Fld@listcount=\count296
\c@bookmark@seq@number=\count297
 (C:\Users\Suyane Melissa\AppData\Local\Programs\MiKTeX\tex/latex/rerunfilecheck\rerunfilecheck.sty
Package: rerunfilecheck 2022-07-10 v1.10 Rerun checks for auxiliary files (HO)
 (C:\Users\Suyane Melissa\AppData\Local\Programs\MiKTeX\tex/generic/uniquecounter\uniquecounter.sty
Package: uniquecounter 2019/12/15 v1.4 Provide unlimited unique counter (HO)
)
Package uniquecounter Info: New unique counter `rerunfilecheck' on input line 285.
)
\Hy@SectionHShift=\skip57
)
Package hyperref Info: Option `colorlinks' set `true' on input line 1471.
Package hyperref Info: Option `breaklinks' set `true' on input line 1471.
Package hyperref Info: Option `plainpages' set `false' on input line 1471.
Package hyperref Info: Option `bookmarksopen' set `true' on input line 1471.
Package hyperref Info: Option `bookmarksnumbered' set `false' on input line 1471.
 (C:\Users\Suyane Melissa\AppData\Local\Programs\MiKTeX\tex/latex/wrapfig\wrapfig.sty
\wrapoverhang=\dimen177
\WF@size=\dimen178
\c@WF@wrappedlines=\count298
\WF@box=\box69
\WF@everypar=\toks23
Package: wrapfig 2003/01/31  v 3.6
)
\wraplines=\count299
\@authorfigbox=\box70
\@authorfigboxdim=\skip58
\biofigadjskip=\skip59
 (C:\Users\Suyane Melissa\AppData\Local\Programs\MiKTeX\tex/latex/amscls\amsthm.sty
Package: amsthm 2020/05/29 v2.20.6
\thm@style=\toks24
\thm@bodyfont=\toks25
\thm@headfont=\toks26
\thm@notefont=\toks27
\thm@headpunct=\toks28
\thm@preskip=\skip60
\thm@postskip=\skip61
\thm@headsep=\skip62
\dth@everypar=\toks29
) (C:\Users\Suyane Melissa\AppData\Local\Programs\MiKTeX\tex/latex/base\fix-cm.sty
Package: fix-cm 2020/11/24 v1.1t fixes to LaTeX
 (C:\Users\Suyane Melissa\AppData\Local\Programs\MiKTeX\tex/latex/base\ts1enc.def
File: ts1enc.def 2001/06/05 v3.0e (jk/car/fm) Standard LaTeX file
LaTeX Font Info:    Redeclaring font encoding TS1 on input line 47.
)) (C:\Users\Suyane Melissa\AppData\Local\Programs\MiKTeX\tex/latex/natbib\natbib.sty
Package: natbib 2010/09/13 8.31b (PWD, AO)
\bibhang=\skip63
\bibsep=\skip64
LaTeX Info: Redefining \cite on input line 694.
\c@NAT@ctr=\count300
)) (C:\Users\Suyane Melissa\AppData\Local\Programs\MiKTeX\tex/latex/caption\subcaption.sty
Package: subcaption 2023/07/28 v1.6b Sub-captions (AR)
 (C:\Users\Suyane Melissa\AppData\Local\Programs\MiKTeX\tex/latex/caption\caption.sty
Package: caption 2023/08/05 v3.6o Customizing captions (AR)
 (C:\Users\Suyane Melissa\AppData\Local\Programs\MiKTeX\tex/latex/caption\caption3.sty
Package: caption3 2023/07/31 v2.4d caption3 kernel (AR)
\caption@tempdima=\dimen179
\captionmargin=\dimen180
\caption@leftmargin=\dimen181
\caption@rightmargin=\dimen182
\caption@width=\dimen183
\caption@indent=\dimen184
\caption@parindent=\dimen185
\caption@hangindent=\dimen186
Package caption Info: Unknown document class (or package),
(caption)             standard defaults will be used.
Package caption Info: \@makecaption = \long macro:#1#2->\ifx \FigName \@captype \vskip \abovecaptionskip \@figurecaption {#1}{#2} \else \@tablecaption {#1}{#2} \vskip \belowcaptionskip \fi  on input line 1175.
)

Package caption Warning: Unknown document class (or package),
(caption)                standard defaults will be used.
See the caption package documentation for explanation.

\c@caption@flags=\count301
\c@continuedfloat=\count302
Package caption Info: hyperref package is loaded.
Package caption Info: rotating package is loaded.
Package caption Info: threeparttable package is loaded.
Package caption Info: wrapfig package is loaded.
)
Package caption Info: New subtype `subfigure' on input line 238.
\c@subfigure=\count303
Package caption Info: New subtype `subtable' on input line 238.
\c@subtable=\count304
) (C:\Users\Suyane Melissa\AppData\Local\Programs\MiKTeX\tex/latex/multirow\multirow.sty
Package: multirow 2024/11/12 v2.9 Span multiple rows of a table
\multirow@colwidth=\skip65
\multirow@cntb=\count305
\multirow@dima=\skip66
\bigstrutjot=\dimen187
) (C:\Users\Suyane Melissa\AppData\Local\Programs\MiKTeX\tex/latex/amsmath\amsmath.sty
Package: amsmath 2024/11/05 v2.17t AMS math features
\@mathmargin=\skip67

For additional information on amsmath, use the `?' option.
(C:\Users\Suyane Melissa\AppData\Local\Programs\MiKTeX\tex/latex/amsmath\amstext.sty
Package: amstext 2021/08/26 v2.01 AMS text
 (C:\Users\Suyane Melissa\AppData\Local\Programs\MiKTeX\tex/latex/amsmath\amsgen.sty
File: amsgen.sty 1999/11/30 v2.0 generic functions
\@emptytoks=\toks30
\ex@=\dimen188
)) (C:\Users\Suyane Melissa\AppData\Local\Programs\MiKTeX\tex/latex/amsmath\amsbsy.sty
Package: amsbsy 1999/11/29 v1.2d Bold Symbols
\pmbraise@=\dimen189
) (C:\Users\Suyane Melissa\AppData\Local\Programs\MiKTeX\tex/latex/amsmath\amsopn.sty
Package: amsopn 2022/04/08 v2.04 operator names
)
\inf@bad=\count306
LaTeX Info: Redefining \frac on input line 233.
\uproot@=\count307
\leftroot@=\count308
LaTeX Info: Redefining \overline on input line 398.
LaTeX Info: Redefining \colon on input line 409.
\classnum@=\count309
\DOTSCASE@=\count310
LaTeX Info: Redefining \ldots on input line 495.
LaTeX Info: Redefining \dots on input line 498.
LaTeX Info: Redefining \cdots on input line 619.
\Mathstrutbox@=\box71
\strutbox@=\box72
LaTeX Info: Redefining \big on input line 721.
LaTeX Info: Redefining \Big on input line 722.
LaTeX Info: Redefining \bigg on input line 723.
LaTeX Info: Redefining \Bigg on input line 724.
\big@size=\dimen190
LaTeX Font Info:    Redeclaring font encoding OML on input line 742.
LaTeX Font Info:    Redeclaring font encoding OMS on input line 743.
\macc@depth=\count311
LaTeX Info: Redefining \bmod on input line 904.
LaTeX Info: Redefining \pmod on input line 909.
LaTeX Info: Redefining \smash on input line 939.
LaTeX Info: Redefining \relbar on input line 969.
LaTeX Info: Redefining \Relbar on input line 970.
\c@MaxMatrixCols=\count312
\dotsspace@=\muskip18
\c@parentequation=\count313
\dspbrk@lvl=\count314
\tag@help=\toks31
\row@=\count315
\column@=\count316
\maxfields@=\count317
\andhelp@=\toks32
\eqnshift@=\dimen191
\alignsep@=\dimen192
\tagshift@=\dimen193
\tagwidth@=\dimen194
\totwidth@=\dimen195
\lineht@=\dimen196
\@envbody=\toks33
\multlinegap=\skip68
\multlinetaggap=\skip69
\mathdisplay@stack=\toks34
LaTeX Info: Redefining \[ on input line 2953.
LaTeX Info: Redefining \] on input line 2954.
) (C:\Users\Suyane Melissa\AppData\Local\Programs\MiKTeX\tex/latex/amsfonts\amssymb.sty
Package: amssymb 2013/01/14 v3.01 AMS font symbols
 (C:\Users\Suyane Melissa\AppData\Local\Programs\MiKTeX\tex/latex/amsfonts\amsfonts.sty
Package: amsfonts 2013/01/14 v3.01 Basic AMSFonts support
\symAMSa=\mathgroup4
\symAMSb=\mathgroup5
LaTeX Font Info:    Redeclaring math symbol \hbar on input line 98.
LaTeX Font Info:    Overwriting math alphabet `\mathfrak' in version `bold'
(Font)                  U/euf/m/n --> U/euf/b/n on input line 106.
)) (C:\Users\Suyane Melissa\AppData\Local\Programs\MiKTeX\tex/latex/jknappen\mathrsfs.sty
Package: mathrsfs 1996/01/01 Math RSFS package v1.0 (jk)
\symrsfs=\mathgroup6
) (C:\Users\Suyane Melissa\AppData\Local\Programs\MiKTeX\tex/latex/xcolor\xcolor.sty
Package: xcolor 2024/09/29 v3.02 LaTeX color extensions (UK)
 (C:\Users\Suyane Melissa\AppData\Local\Programs\MiKTeX\tex/latex/graphics-cfg\color.cfg
File: color.cfg 2016/01/02 v1.6 sample color configuration
)
Package xcolor Info: Driver file: pdftex.def on input line 274.
 (C:\Users\Suyane Melissa\AppData\Local\Programs\MiKTeX\tex/latex/graphics\mathcolor.ltx)
Package xcolor Info: Model `cmy' substituted by `cmy0' on input line 1349.
Package xcolor Info: Model `hsb' substituted by `rgb' on input line 1353.
Package xcolor Info: Model `RGB' extended on input line 1365.
Package xcolor Info: Model `HTML' substituted by `rgb' on input line 1367.
Package xcolor Info: Model `Hsb' substituted by `hsb' on input line 1368.
Package xcolor Info: Model `tHsb' substituted by `hsb' on input line 1369.
Package xcolor Info: Model `HSB' substituted by `hsb' on input line 1370.
Package xcolor Info: Model `Gray' substituted by `gray' on input line 1371.
Package xcolor Info: Model `wave' substituted by `hsb' on input line 1372.
) (C:\Users\Suyane Melissa\AppData\Local\Programs\MiKTeX\tex/latex/base\textcomp.sty
Package: textcomp 2024/04/24 v2.1b Standard LaTeX package
) (C:\Users\Suyane Melissa\AppData\Local\Programs\MiKTeX\tex/latex/ncctools\manyfoot.sty
Package: manyfoot 2019/08/03 v1.11 Many Footnote Levels Package (NCC)
 (C:\Users\Suyane Melissa\AppData\Local\Programs\MiKTeX\tex/latex/ncctools\nccfoots.sty
Package: nccfoots 2005/02/03 v1.2 NCC Footnotes Package (NCC)
)
\MFL@columnwidth=\dimen197
) (C:\Users\Suyane Melissa\AppData\Local\Programs\MiKTeX\tex/latex/booktabs\booktabs.sty
Package: booktabs 2020/01/12 v1.61803398 Publication quality tables
\heavyrulewidth=\dimen198
\lightrulewidth=\dimen199
\cmidrulewidth=\dimen256
\belowrulesep=\dimen257
\belowbottomsep=\dimen258
\aboverulesep=\dimen259
\abovetopsep=\dimen260
\cmidrulesep=\dimen261
\cmidrulekern=\dimen262
\defaultaddspace=\dimen263
\@cmidla=\count318
\@cmidlb=\count319
\@aboverulesep=\dimen264
\@belowrulesep=\dimen265
\@thisruleclass=\count320
\@lastruleclass=\count321
\@thisrulewidth=\dimen266
) (C:\Users\Suyane Melissa\AppData\Local\Programs\MiKTeX\tex/latex/algorithms\algorithm.sty
Package: algorithm 2009/08/24 v0.1 Document Style `algorithm' - floating environment
 (C:\Users\Suyane Melissa\AppData\Local\Programs\MiKTeX\tex/latex/float\float.sty
Package: float 2001/11/08 v1.3d Float enhancements (AL)
\c@float@type=\count322
\float@exts=\toks35
\float@box=\box73
\@float@everytoks=\toks36
\@floatcapt=\box74
)
\@float@every@algorithm=\toks37
\c@algorithm=\count323
) (C:\Users\Suyane Melissa\AppData\Local\Programs\MiKTeX\tex/latex/algorithmicx\algorithmicx.sty
Package: algorithmicx 2005/04/27 v1.2 Algorithmicx

Document Style algorithmicx 1.2 - a greatly improved `algorithmic' style
\c@ALG@line=\count324
\c@ALG@rem=\count325
\c@ALG@nested=\count326
\ALG@tlm=\skip70
\ALG@thistlm=\skip71
\c@ALG@Lnr=\count327
\c@ALG@blocknr=\count328
\c@ALG@storecount=\count329
\c@ALG@tmpcounter=\count330
\ALG@tmplength=\skip72
) (C:\Users\Suyane Melissa\AppData\Local\Programs\MiKTeX\tex/latex/algorithmicx\algpseudocode.sty
Package: algpseudocode 

Document Style - pseudocode environments for use with the `algorithmicx' style
) (C:\Users\Suyane Melissa\AppData\Local\Programs\MiKTeX\tex/latex/listings\listings.sty
\lst@mode=\count331
\lst@gtempboxa=\box75
\lst@token=\toks38
\lst@length=\count332
\lst@currlwidth=\dimen267
\lst@column=\count333
\lst@pos=\count334
\lst@lostspace=\dimen268
\lst@width=\dimen269
\lst@newlines=\count335
\lst@lineno=\count336
\lst@maxwidth=\dimen270
 (C:\Users\Suyane Melissa\AppData\Local\Programs\MiKTeX\tex/latex/listings\lstpatch.sty
File: lstpatch.sty 2024/09/23 1.10c (Carsten Heinz)
) (C:\Users\Suyane Melissa\AppData\Local\Programs\MiKTeX\tex/latex/listings\lstmisc.sty
File: lstmisc.sty 2024/09/23 1.10c (Carsten Heinz)
\c@lstnumber=\count337
\lst@skipnumbers=\count338
\lst@framebox=\box76
) (C:\Users\Suyane Melissa\AppData\Local\Programs\MiKTeX\tex/latex/listings\listings.cfg
File: listings.cfg 2024/09/23 1.10c listings configuration
))
Package: listings 2024/09/23 1.10c (Carsten Heinz)
\c@theorem=\count339
\c@example=\count340
\c@remark=\count341
\c@definition=\count342
 (C:\Users\Suyane Melissa\AppData\Local\Programs\MiKTeX\tex/latex/l3backend\l3backend-pdftex.def
File: l3backend-pdftex.def 2024-05-08 L3 backend support: PDF output (pdfTeX)
\l__color_backend_stack_int=\count343
\l__pdf_internal_box=\box77
) (sn-article.aux

LaTeX Warning: Label `sec4' multiply defined.


LaTeX Warning: Label `sec4' multiply defined.


LaTeX Warning: Label `sec5' multiply defined.


LaTeX Warning: Label `tab1' multiply defined.

)
\openout1 = `sn-article.aux'.

LaTeX Font Info:    Checking defaults for OML/cmm/m/it on input line 94.
LaTeX Font Info:    ... okay on input line 94.
LaTeX Font Info:    Checking defaults for OMS/cmsy/m/n on input line 94.
LaTeX Font Info:    ... okay on input line 94.
LaTeX Font Info:    Checking defaults for OT1/cmr/m/n on input line 94.
LaTeX Font Info:    ... okay on input line 94.
LaTeX Font Info:    Checking defaults for T1/cmr/m/n on input line 94.
LaTeX Font Info:    ... okay on input line 94.
LaTeX Font Info:    Checking defaults for TS1/cmr/m/n on input line 94.
LaTeX Font Info:    ... okay on input line 94.
LaTeX Font Info:    Checking defaults for OMX/cmex/m/n on input line 94.
LaTeX Font Info:    ... okay on input line 94.
LaTeX Font Info:    Checking defaults for U/cmr/m/n on input line 94.
LaTeX Font Info:    ... okay on input line 94.
LaTeX Font Info:    Checking defaults for PD1/pdf/m/n on input line 94.
LaTeX Font Info:    ... okay on input line 94.
LaTeX Font Info:    Checking defaults for PU/pdf/m/n on input line 94.
LaTeX Font Info:    ... okay on input line 94.

*geometry* driver: auto-detecting
*geometry* detected driver: pdftex
*geometry* verbose mode - [ preamble ] result:
* driver: pdftex
* paper: custom
* layout: <same size as paper>
* layoutoffset:(h,v)=(0.0pt,0.0pt)
* bindingoffset: 17.07164pt
* modes: twoside 
* h-part:(L,W,R)=(50.07684pt, 455.24408pt, 75.11531pt)
* v-part:(T,H,B)=(73.97716pt, 614.57951pt, 156.49017pt)
* \paperwidth=597.50787pt
* \paperheight=845.04684pt
* \textwidth=455.24408pt
* \textheight=614.57951pt
* \oddsidemargin=-5.1215pt
* \evensidemargin=2.84532pt
* \topmargin=-24.94597pt
* \headheight=12.0pt
* \headsep=14.65314pt
* \topskip=10.0pt
* \footskip=28.82265pt
* \marginparwidth=34.1433pt
* \marginparsep=14.22636pt
* \columnsep=22.76219pt
* \skip\footins=18.0pt plus 6.0pt minus 3.0pt
* \hoffset=0.0pt
* \voffset=0.0pt
* \mag=1000
* \@twocolumntrue
* \@twosidetrue
* \@mparswitchtrue
* \@reversemargintrue
* (1in=72.27pt=25.4mm, 1cm=28.453pt)

(C:\Users\Suyane Melissa\AppData\Local\Programs\MiKTeX\tex/context/base/mkii\supp-pdf.mkii
[Loading MPS to PDF converter (version 2006.09.02).]
\scratchcounter=\count344
\scratchdimen=\dimen271
\scratchbox=\box78
\nofMPsegments=\count345
\nofMParguments=\count346
\everyMPshowfont=\toks39
\MPscratchCnt=\count347
\MPscratchDim=\dimen272
\MPnumerator=\count348
\makeMPintoPDFobject=\count349
\everyMPtoPDFconversion=\toks40
) (C:\Users\Suyane Melissa\AppData\Local\Programs\MiKTeX\tex/latex/epstopdf-pkg\epstopdf-base.sty
Package: epstopdf-base 2020-01-24 v2.11 Base part for package epstopdf
Package epstopdf-base Info: Redefining graphics rule for `.eps' on input line 485.
 (C:\Users\Suyane Melissa\AppData\Local\Programs\MiKTeX\tex/latex/00miktex\epstopdf-sys.cfg
File: epstopdf-sys.cfg 2021/03/18 v2.0 Configuration of epstopdf for MiKTeX
))
LaTeX Info: Redefining \S on input line 94.
LaTeX Font Info:    Redeclaring symbol font `AMSa' on input line 94.
LaTeX Font Info:    Overwriting symbol font `AMSa' in version `normal'
(Font)                  U/msa/m/n --> U/msa/m/n on input line 94.
LaTeX Font Info:    Overwriting symbol font `AMSa' in version `bold'
(Font)                  U/msa/m/n --> U/msa/m/n on input line 94.
Package hyperref Info: Link coloring ON on input line 94.
 (sn-article.out) (sn-article.out)
\@outlinefile=\write3
\openout3 = `sn-article.out'.

Package caption Info: Begin \AtBeginDocument code.
Package caption Info: float package is loaded.
Package caption Info: listings package is loaded.
Package caption Info: End \AtBeginDocument code.
\c@lstlisting=\count350
LaTeX Font Info:    Calculating math sizes for size <12.045> on input line 148.
LaTeX Font Info:    Trying to load font information for U+msa on input line 148.
 (C:\Users\Suyane Melissa\AppData\Local\Programs\MiKTeX\tex/latex/amsfonts\umsa.fd
File: umsa.fd 2013/01/14 v3.01 AMS symbols A
)
LaTeX Font Info:    Trying to load font information for U+msb on input line 148.
 (C:\Users\Suyane Melissa\AppData\Local\Programs\MiKTeX\tex/latex/amsfonts\umsb.fd
File: umsb.fd 2013/01/14 v3.01 AMS symbols B
)
LaTeX Font Info:    Trying to load font information for U+rsfs on input line 148.
 (C:\Users\Suyane Melissa\AppData\Local\Programs\MiKTeX\tex/latex/jknappen\ursfs.fd
File: ursfs.fd 1998/03/24 rsfs font definition file (jk)
)

LaTeX Font Warning: Font shape `U/rsfs/m/n' in size <8.43146> not available
(Font)              size <8> substituted on input line 148.

LaTeX Font Info:    Calculating math sizes for size <11.04124> on input line 148.

LaTeX Font Warning: Font shape `U/rsfs/m/n' in size <5.52061> not available
(Font)              size <6> substituted on input line 148.

LaTeX Font Info:    Calculating math sizes for size <10.03749> on input line 148.

Package natbib Warning: Citation `bib1' on page 1 undefined on input line 151.






Underfull \vbox (badness 10000) has occurred while \output is active []


Underfull \hbox (badness 10000) has occurred while \output is active
[]| []
 []

[1{C:/Users/Suyane Melissa/AppData/Local/MiKTeX/fonts/map/pdftex/pdftex.map}


]
Package epstopdf Info: Source file: <pendulo-ma.eps>
(epstopdf)                    date: 2026-06-27 02:48:36
(epstopdf)                    size: 2055648 bytes
(epstopdf)             Output file: <pendulo-ma-eps-converted-to.pdf>
(epstopdf)                    date: 2026-06-27 00:03:19
(epstopdf)                    size: 41218 bytes
(epstopdf)             Command: <miktex-epstopdf --outfile=pendulo-ma-eps-converted-to.pdf pendulo-ma.eps>
(epstopdf)             \includegraphics on input line 172.
runsystem(miktex-epstopdf --outfile=pendulo-ma-eps-converted-to.pdf pendulo-ma.eps)...executed safely (allowed).

Package epstopdf Info: Result file: <pendulo-ma-eps-converted-to.pdf>
(epstopdf)                    date: 2026-06-27 00:04:32
(epstopdf)                    size: 41218 bytes.
<pendulo-ma-eps-converted-to.pdf, id=122, 459.7175pt x 416.55624pt>
File: pendulo-ma-eps-converted-to.pdf Graphic file (type pdf)
<use pendulo-ma-eps-converted-to.pdf>
Package pdftex.def Info: pendulo-ma-eps-converted-to.pdf  used on input line 172.
(pdftex.def)             Requested size: 159.3382pt x 144.37944pt.

Underfull \hbox (badness 1005) in paragraph at lines 186--187
\OT1/cmr/m/n/10 fer-ence between the front and rear actu-a-tors
 []


Underfull \hbox (badness 2828) in paragraph at lines 186--187
\OT1/cmr/m/n/10 the schematic dia-gram, defined as $\OML/cmm/m/it/10.03749 ^^\[]\OT1/cmr/m/n/10 (\OML/cmm/m/it/10.03749 t\OT1/cmr/m/n/10 ) =
 []






Underfull \vbox (badness 10000) has occurred while \output is active []


Underfull \hbox (badness 10000) has occurred while \output is active
[]| []
 []

[2 <./pendulo-ma-eps-converted-to.pdf>]
Underfull \hbox (badness 1087) in paragraph at lines 231--232
\OT1/cmr/m/n/10 within a sin-gle col-umn line, being rig-or-ously
 []

Package epstopdf Info: Source file: <pendulo-ma.eps>
(epstopdf)                    date: 2026-06-27 02:48:36
(epstopdf)                    size: 2055648 bytes
(epstopdf)             Output file: <pendulo-ma-eps-converted-to.pdf>
(epstopdf)                    date: 2026-06-27 00:04:32
(epstopdf)                    size: 41218 bytes
(epstopdf)             Command: <miktex-epstopdf --outfile=pendulo-ma-eps-converted-to.pdf pendulo-ma.eps>
(epstopdf)             \includegraphics on input line 244.
runsystem(miktex-epstopdf --outfile=pendulo-ma-eps-converted-to.pdf pendulo-ma.eps)...executed safely (allowed).

Package epstopdf Info: Result file: <pendulo-ma-eps-converted-to.pdf>
(epstopdf)                    date: 2026-06-27 00:04:34
(epstopdf)                    size: 41218 bytes.
File: pendulo-ma-eps-converted-to.pdf Graphic file (type pdf)
<use pendulo-ma-eps-converted-to.pdf>
Package pdftex.def Info: pendulo-ma-eps-converted-to.pdf  used on input line 244.
(pdftex.def)             Requested size: 159.3382pt x 144.37944pt.

LaTeX Warning: Reference `fig:technical_drawing' on page 3 undefined on input line 254.






Underfull \vbox (badness 10000) has occurred while \output is active []


Underfull \hbox (badness 10000) has occurred while \output is active
[]| []
 []

[3]


Underfull \hbox (badness 1565) in paragraph at lines 316--317
[]\OT1/cmr/m/n/10 By com-bin-ing these pro-posed steady-state
 []




Underfull \vbox (badness 10000) has occurred while \output is active []


Underfull \hbox (badness 10000) has occurred while \output is active
[]| []
 []

[4]
LaTeX Font Info:    Calculating math sizes for size <8.03> on input line 343.


LaTeX Font Warning: Font shape `U/rsfs/m/n' in size <4.015> not available
(Font)              size <5> substituted on input line 343.


Underfull \hbox (badness 2990) in paragraph at lines 347--348
\OT1/cmr/m/n/10 between the inde-pen-dent actu-a-tors, the net
 []


Underfull \hbox (badness 2556) in paragraph at lines 347--348
\OT1/cmr/m/n/10 voltage-driven propul-sive torque com-mand is
 []


Underfull \hbox (badness 1360) in paragraph at lines 352--353
\OT1/cmr/m/n/10 approximations|current-based actu-a-tion lever-
 []






Underfull \vbox (badness 10000) has occurred while \output is active []


Underfull \hbox (badness 10000) has occurred while \output is active
[]| []
 []

[5]


LaTeX Warning: Reference `subsubsec2' on page 6 undefined on input line 440.


Underfull \hbox (badness 1077) in paragraph at lines 444--448
\OT1/cmr/m/n/10 Tables can be inserted via the nor-mal table
 []


Overfull \hbox (31.43205pt too wide) in paragraph at lines 492--492
[]\OT1/cmtt/m/n/10.03749 \caption{<table-caption>}\label{<table-label>}%[] 
 []


Overfull \hbox (10.3535pt too wide) in paragraph at lines 492--492
[]\OT1/cmtt/m/n/10.03749 Column 1 & Column 2 & Column 3 & Column 4\\[] 
 []


Overfull \hbox (52.5106pt too wide) in paragraph at lines 492--492
[]\OT1/cmtt/m/n/10.03749 row 2 & data 4 & data 5\footnotemark[1] & data 6 \\[] 
 []


Overfull \hbox (52.5106pt too wide) in paragraph at lines 492--492
[]\OT1/cmtt/m/n/10.03749 row 3 & data 7 & data 8  & data 9\footnotemark[2]\\[] 
 []




Underfull \vbox (badness 10000) has occurred while \output is active []


Underfull \hbox (badness 10000) has occurred while \output is active
[]| []
 []

[6]
Overfull \hbox (94.66771pt too wide) in paragraph at lines 492--492
[]\OT1/cmtt/m/n/10.03749 \footnotetext{Source: This is an example of table footnote.[] 
 []


Overfull \hbox (57.78024pt too wide) in paragraph at lines 492--492
[]\OT1/cmtt/m/n/10.03749 \footnotetext[1]{Example for a first table footnote.[] 
 []


Overfull \hbox (63.04988pt too wide) in paragraph at lines 492--492
[]\OT1/cmtt/m/n/10.03749 \footnotetext[2]{Example for a second table footnote.[] 
 []


Overfull \hbox (239.00314pt too wide) in paragraph at lines 499--513
 [] 
 []


Underfull \hbox (badness 2772) in paragraph at lines 515--516
[]\OT1/cmr/m/n/10 In case of dou-ble col-umn lay-out, tables
 []


Underfull \hbox (badness 6792) in paragraph at lines 515--516
\OT1/cmr/m/n/10 to use [][]\OT1/cmtt/m/n/10.03749 \begin{table*} []... []\end{table*}
 []


Underfull \hbox (badness 3291) in paragraph at lines 515--516
[]\OT1/cmr/m/n/10 instead of [][]\OT1/cmtt/m/n/10.03749 \begin{table} []... []\end{table}
 []


Underfull \hbox (badness 10000) in paragraph at lines 515--516
[]\OT1/cmtt/m/n/10.03749 ... []\end{sidewaystable} []\OT1/cmr/m/n/10 instead of
 []


Underfull \hbox (badness 4505) in paragraph at lines 515--516
[][]\OT1/cmtt/m/n/10.03749 \begin{table*} []... []\end{table*} []\OT1/cmr/m/n/10 envi-ron-
 []


Underfull \hbox (badness 3872) in paragraph at lines 515--516
\OT1/cmr/m/n/10 col-umn width, use [][]\OT1/cmtt/m/n/10.03749 \begin{sidewaystable*}
 []


LaTeX Warning: No positions in optional float specifier.
               Default added (so using `tbp') on input line 518.


Underfull \hbox (badness 2680) in paragraph at lines 536--537
\OT1/cmr/m/n/10 of the major dif-fer-ence between L[]T[]X and
 []






Underfull \vbox (badness 10000) has occurred while \output is active []


Underfull \hbox (badness 10000) has occurred while \output is active
[]| []
 []

[7]
Overfull \hbox (36.70169pt too wide) in paragraph at lines 549--549
[]\OT1/cmtt/m/n/10.03749 \caption{<figure-caption>}\label{<figure-label>}[] 
 []

Package epstopdf Info: Source file: <fig.eps>
(epstopdf)                    date: 2026-06-27 02:48:36
(epstopdf)                    size: 91593 bytes
(epstopdf)             Output file: <fig-eps-converted-to.pdf>
(epstopdf)                    date: 2026-06-27 00:03:20
(epstopdf)                    size: 3136 bytes
(epstopdf)             Command: <miktex-epstopdf --outfile=fig-eps-converted-to.pdf fig.eps>
(epstopdf)             \includegraphics on input line 558.
runsystem(miktex-epstopdf --outfile=fig-eps-converted-to.pdf fig.eps)...executed safely (allowed).

Package epstopdf Info: Result file: <fig-eps-converted-to.pdf>
(epstopdf)                    date: 2026-06-27 00:04:35
(epstopdf)                    size: 3136 bytes.
<fig-eps-converted-to.pdf, id=211, 505.89pt x 84.315pt>
File: fig-eps-converted-to.pdf Graphic file (type pdf)
<use fig-eps-converted-to.pdf>
Package pdftex.def Info: fig-eps-converted-to.pdf  used on input line 558.
(pdftex.def)             Requested size: 409.71689pt x 68.28703pt.

Overfull \hbox (193.47595pt too wide) in paragraph at lines 558--559
 [][] 
 []


Underfull \hbox (badness 10000) in paragraph at lines 568--569
\OT1/cmr/m/n/10 Packages [][]\OT1/cmtt/m/n/10.03749 algorithm[]\OT1/cmr/m/n/10 , [][]\OT1/cmtt/m/n/10.03749 algorithmicx []\OT1/cmr/m/n/10 and
 []


Overfull \hbox (5.08386pt too wide) in paragraph at lines 582--582
[]\OT1/cmtt/m/n/10.03749 \caption{<alg-caption>}\label{<alg-label>}[] 
 []




Underfull \hbox (badness 10000) in paragraph at lines 591--592
[]\OT1/cmr/m/n/10 Similarly, for [][]\OT1/cmtt/m/n/10.03749 listings[]\OT1/cmr/m/n/10 , use the
 []


Underfull \hbox (badness 3758) in paragraph at lines 591--592
[][]\OT1/cmtt/m/n/10.03749 listings []\OT1/cmr/m/n/10 pack-age. [][]\OT1/cmtt/m/n/10.03749 \begin{lstlisting} []...
 []


Underfull \hbox (badness 1852) in paragraph at lines 591--592
[][]\OT1/cmtt/m/n/10.03749 lstlisting []\OT1/cmr/m/n/10 pack-age doc-u-men-ta-tion for more
 []


Overfull \hbox (15.42398pt too wide) in paragraph at lines 600--601
[][][][][][][][][][]\OT1/cmr/m/n/9 Comments
 []

LaTeX Font Info:    Trying to load font information for OMS+cmss on input line 608.
LaTeX Font Info:    No file OMScmss.fd. on input line 608.

LaTeX Font Warning: Font shape `OMS/cmss/m/n' undefined
(Font)              using `OMS/cmsy/m/n' instead
(Font)              for symbol `textbraceleft' on input line 608.

Package hyperref Info: bookmark level for unknown algorithm defaults to 0 on input line 615.
(C:\Users\Suyane Melissa\AppData\Local\Programs\MiKTeX\tex/latex/listings\lstlang1.sty
File: lstlang1.sty 2024/09/23 1.10c listings language file
)
LaTeX Font Info:    Trying to load font information for OMS+cmr on input line 650.
 (C:\Users\Suyane Melissa\AppData\Local\Programs\MiKTeX\tex/latex/base\omscmr.fd
File: omscmr.fd 2024/11/19 v2.5n Standard LaTeX font definitions
)
LaTeX Font Info:    Font shape `OMS/cmr/m/n' in size <9> not available
(Font)              Font shape `OMS/cmsy/m/n' tried instead on input line 650.

Overfull \hbox (10.67427pt too wide) in paragraph at lines 644--656
[]$[]$ 
 []




Underfull \vbox (badness 10000) has occurred while \output is active []


Underfull \hbox (badness 10000) has occurred while \output is active
[]| []
 []

[8 <./fig-eps-converted-to.pdf>]
Underfull \hbox (badness 1762) in paragraph at lines 659--668
\OT1/cmr/m/n/10 Environments such as figure, table, equation
 []


Underfull \hbox (badness 5260) in paragraph at lines 659--668
[][]\OT1/cmtt/m/n/10.03749 \label{#label} []\OT1/cmr/m/n/10 com-mand. For figures and
 []


Package natbib Warning: Citation `bib1' on page 9 undefined on input line 675.


Package natbib Warning: Citation `bib2' on page 9 undefined on input line 675.


Underfull \hbox (badness 1286) in paragraph at lines 675--676
\OT1/cmr/m/n/10 Another exam-ple for [][]\OT1/cmtt/m/n/10.03749 \citep{...}[]\OT1/cmr/m/n/10 : [\OT1/cmr/bx/n/10.03749 ? \OT1/cmr/m/n/10 ]. For
 []


Underfull \hbox (badness 1028) in paragraph at lines 675--676
\OT1/cmr/m/n/10 author-year cita-tion mode, [][]\OT1/cmtt/m/n/10.03749 \cite{...} []\OT1/cmr/m/n/10 prints
 []


Package natbib Warning: Citation `bib3' on page 9 undefined on input line 677.


Package natbib Warning: Citation `bib4' on page 9 undefined on input line 677.


Package natbib Warning: Citation `bib5' on page 9 undefined on input line 677.


Package natbib Warning: Citation `bib6' on page 9 undefined on input line 677.


Package natbib Warning: Citation `bib7' on page 9 undefined on input line 677.


Package natbib Warning: Citation `bib8' on page 9 undefined on input line 677.


Package natbib Warning: Citation `bib9' on page 9 undefined on input line 677.


Package natbib Warning: Citation `bib10' on page 9 undefined on input line 677.


Package natbib Warning: Citation `bib11' on page 9 undefined on input line 677.


Package natbib Warning: Citation `bib12' on page 9 undefined on input line 677.


Package natbib Warning: Citation `bib13' on page 9 undefined on input line 677.


Underfull \hbox (badness 5519) in paragraph at lines 681--682
\OT1/cmr/m/n/10 For theorem like envi-ron-ments, we require
 []


Underfull \hbox (badness 4505) in paragraph at lines 681--682
[][]\OT1/cmtt/m/n/10.03749 amsthm []\OT1/cmr/m/n/10 pack-age. There are three types of
 []


Overfull \hbox (119.26439pt too wide) in paragraph at lines 688--699
[][]
 []






Underfull \vbox (badness 10000) has occurred while \output is active []


Underfull \hbox (badness 10000) has occurred while \output is active
[]| []
 []

[9]


Underfull \hbox (badness 10000) in paragraph at lines 762--763
[]\OT1/cmr/bx/n/10.03749 Ethical approval dec-la-ra-tions \OT1/cmr/m/n/10 (only
 []


Underfull \hbox (badness 1466) in paragraph at lines 762--763
\OT1/cmr/m/n/10 sam-ples must include an unam-bigu-ous state-
 []


Underfull \hbox (badness 3724) in paragraph at lines 772--773
\OT1/cmr/m/n/10 ti-fy-ing patien-t/-par-tic-i-pant infor-ma-tion, or if
 []


Underfull \hbox (badness 3590) in paragraph at lines 772--773
\OT1/cmr/m/n/10 it describes human trans-plan-ta-tion research,
 []


Underfull \hbox (badness 1454) in paragraph at lines 772--773
\OT1/cmr/m/n/10 visit ([][]$https : / / www . nature . com / nature-[]research /
 []


Underfull \hbox (badness 10000) in paragraph at lines 772--773
\OT1/cmr/m/n/10 ([][]$https : / / www . springer . com / gp / authors-[]editors /
 []


Underfull \hbox (badness 10000) in paragraph at lines 772--773
\OT1/cmr/m/n/10 journal-[]author / journal-[]author-[]helpdesk /
 []


Underfull \hbox (badness 5832) in paragraph at lines 772--773
\OT1/cmr/m/n/10 publishing-[]ethics / 14214$[][]) for Springer Nature
 []


Underfull \hbox (badness 5175) in paragraph at lines 772--773
\OT1/cmr/m/n/10 jour-nals, or ([][]$https : / / www . biomedcentral . com /
 []


Underfull \hbox (badness 10000) in paragraph at lines 772--773
\OT1/cmr/m/n/10 getpublished / editorial-[]policies # ethics + and +
 []




Underfull \vbox (badness 10000) has occurred while \output is active []


Underfull \hbox (badness 10000) has occurred while \output is active
[]| []
 []

[10]

Package hyperref Warning: Difference (4) between bookmark levels is greater 
(hyperref)                than one, level fixed on input line 788.


Underfull \hbox (badness 1107) in paragraph at lines 788--789
\OT1/cmr/m/n/10 has accom-pa-ny-ing sup-ple-men-tary file/s please
 []


Package hyperref Warning: Difference (3) between bookmark levels is greater 
(hyperref)                than one, level fixed on input line 796.


Underfull \hbox (badness 10000) in paragraph at lines 796--797
 []\OT1/cmr/bx/n/10.03749 Acknowledgements.[][] \OT1/cmr/m/n/10 Acknowl-edge-ments are
 []



(sn-article.bbl)

Package natbib Warning: There were undefined citations.




Underfull \vbox (badness 10000) has occurred while \output is active []


Underfull \hbox (badness 10000) has occurred while \output is active
[]| []
 []

[11] (sn-article.aux)
 ***********
LaTeX2e <2024-11-01> patch level 2
L3 programming layer <2025-01-18>
 ***********


LaTeX Font Warning: Size substitutions with differences
(Font)              up to 0.985pt have occurred.


LaTeX Font Warning: Some font shapes were not available, defaults substituted.


LaTeX Warning: There were undefined references.


LaTeX Warning: There were multiply-defined labels.

Package rerunfilecheck Info: File `sn-article.out' has not changed.
(rerunfilecheck)             Checksum: EECCD5D83DEDA5E2C5D988944B157EC0;4150.
 ) 
Here is how much of TeX's memory you used:
 16530 strings out of 473523
 262367 string characters out of 5710238
 855350 words of memory out of 5000000
 39388 multiletter control sequences out of 15000+600000
 586426 words of font info for 144 fonts, out of 8000000 for 9000
 1151 hyphenation exceptions out of 8191
 90i,19n,93p,865b,1632s stack positions out of 10000i,1000n,20000p,200000b,200000s
 <C:\Users\Suyane Melissa\AppData\Local\MiKTeX\fonts/pk/ljfour/jknappen/ec/dpi602\tcrm1000.pk><C:/Users/Suyane Melissa/AppData/Local/Programs/MiKTeX/fonts/type1/public/amsfonts/cm/cmbsy10.pfb><C:/Users/Suyane Melissa/AppData/Local/Programs/MiKTeX/fonts/type1/public/amsfonts/cmextra/cmbsy7.pfb><C:/Users/Suyane Melissa/AppData/Local/Programs/MiKTeX/fonts/type1/public/amsfonts/cm/cmbx10.pfb><C:/Users/Suyane Melissa/AppData/Local/Programs/MiKTeX/fonts/type1/public/amsfonts/cm/cmbx12.pfb><C:/Users/Suyane Melissa/AppData/Local/Programs/MiKTeX/fonts/type1/public/amsfonts/cm/cmbx8.pfb><C:/Users/Suyane Melissa/AppData/Local/Programs/MiKTeX/fonts/type1/public/amsfonts/cm/cmbx9.pfb><C:/Users/Suyane Melissa/AppData/Local/Programs/MiKTeX/fonts/type1/public/amsfonts/cm/cmex10.pfb><C:/Users/Suyane Melissa/AppData/Local/Programs/MiKTeX/fonts/type1/public/amsfonts/cm/cmmi10.pfb><C:/Users/Suyane Melissa/AppData/Local/Programs/MiKTeX/fonts/type1/public/amsfonts/cm/cmmi5.pfb><C:/Users/Suyane Melissa/AppData/Local/Programs/MiKTeX/fonts/type1/public/amsfonts/cm/cmmi7.pfb><C:/Users/Suyane Melissa/AppData/Local/Programs/MiKTeX/fonts/type1/public/amsfonts/cm/cmmi8.pfb><C:/Users/Suyane Melissa/AppData/Local/Programs/MiKTeX/fonts/type1/public/amsfonts/cm/cmmi9.pfb><C:/Users/Suyane Melissa/AppData/Local/Programs/MiKTeX/fonts/type1/public/amsfonts/cm/cmr10.pfb><C:/Users/Suyane Melissa/AppData/Local/Programs/MiKTeX/fonts/type1/public/amsfonts/cm/cmr12.pfb><C:/Users/Suyane Melissa/AppData/Local/Programs/MiKTeX/fonts/type1/public/amsfonts/cm/cmr17.pfb><C:/Users/Suyane Melissa/AppData/Local/Programs/MiKTeX/fonts/type1/public/amsfonts/cm/cmr5.pfb><C:/Users/Suyane Melissa/AppData/Local/Programs/MiKTeX/fonts/type1/public/amsfonts/cm/cmr7.pfb><C:/Users/Suyane Melissa/AppData/Local/Programs/MiKTeX/fonts/type1/public/amsfonts/cm/cmr8.pfb><C:/Users/Suyane Melissa/AppData/Local/Programs/MiKTeX/fonts/type1/public/amsfonts/cm/cmr9.pfb><C:/Users/Suyane Melissa/AppData/Local/Programs/MiKTeX/fonts/type1/public/amsfonts/cm/cmss9.pfb><C:/Users/Suyane Melissa/AppData/Local/Programs/MiKTeX/fonts/type1/public/amsfonts/cm/cmssbx10.pfb><C:/Users/Suyane Melissa/AppData/Local/Programs/MiKTeX/fonts/type1/public/amsfonts/cm/cmsy10.pfb><C:/Users/Suyane Melissa/AppData/Local/Programs/MiKTeX/fonts/type1/public/amsfonts/cm/cmsy5.pfb><C:/Users/Suyane Melissa/AppData/Local/Programs/MiKTeX/fonts/type1/public/amsfonts/cm/cmsy7.pfb><C:/Users/Suyane Melissa/AppData/Local/Programs/MiKTeX/fonts/type1/public/amsfonts/cm/cmsy8.pfb><C:/Users/Suyane Melissa/AppData/Local/Programs/MiKTeX/fonts/type1/public/amsfonts/cm/cmsy9.pfb><C:/Users/Suyane Melissa/AppData/Local/Programs/MiKTeX/fonts/type1/public/amsfonts/cm/cmti10.pfb><C:/Users/Suyane Melissa/AppData/Local/Programs/MiKTeX/fonts/type1/public/amsfonts/cm/cmti9.pfb><C:/Users/Suyane Melissa/AppData/Local/Programs/MiKTeX/fonts/type1/public/amsfonts/cm/cmtt10.pfb><C:/Users/Suyane Melissa/AppData/Local/Programs/MiKTeX/fonts/type1/public/amsfonts/symbols/msam10.pfb><C:/Users/Suyane Melissa/AppData/Local/Programs/MiKTeX/fonts/type1/public/amsfonts/symbols/msbm10.pfb><C:/Users/Suyane Melissa/AppData/Local/Programs/MiKTeX/fonts/type1/public/rsfs/rsfs10.pfb>
Output written on sn-article.pdf (11 pages, 506872 bytes).
PDF statistics:
 453 PDF objects out of 1000 (max. 8388607)
 107 named destinations out of 1000 (max. 500000)
 203 words of extra memory for PDF output out of 10000 (max. 10000000)

